2023-02-12 18:18:16.968 [main] INFO  com.doux.edu.EduApplication - Starting EduApplication using Java 17.0.2 on DESKTOP-6IDRN1B with PID 6848 (D:\javalearn\frame learn\guli_online\service\service_edu\target\classes started by tt in D:\javalearn\frame learn\guli_online)
2023-02-12 18:18:16.970 [main] INFO  com.doux.edu.EduApplication - The following profiles are active: dev
2023-02-12 18:18:17.444 [main] INFO  o.s.d.r.config.RepositoryConfigurationDelegate - Multiple Spring Data modules found, entering strict repository configuration mode!
2023-02-12 18:18:17.446 [main] INFO  o.s.d.r.config.RepositoryConfigurationDelegate - Bootstrapping Spring Data Redis repositories in DEFAULT mode.
2023-02-12 18:18:17.463 [main] INFO  o.s.d.r.config.RepositoryConfigurationDelegate - Finished Spring Data repository scanning in 6 ms. Found 0 Redis repository interfaces.
2023-02-12 18:18:17.839 [main] INFO  o.s.boot.web.embedded.tomcat.TomcatWebServer - Tomcat initialized with port(s): 8001 (http)
2023-02-12 18:18:17.845 [main] INFO  org.apache.coyote.http11.Http11NioProtocol - Initializing ProtocolHandler ["http-nio-8001"]
2023-02-12 18:18:17.846 [main] INFO  org.apache.catalina.core.StandardService - Starting service [Tomcat]
2023-02-12 18:18:17.847 [main] INFO  org.apache.catalina.core.StandardEngine - Starting Servlet engine: [Apache Tomcat/9.0.54]
2023-02-12 18:18:17.900 [main] INFO  o.a.c.core.ContainerBase.[Tomcat].[localhost].[/] - Initializing Spring embedded WebApplicationContext
2023-02-12 18:18:17.900 [main] INFO  o.s.b.w.s.c.ServletWebServerApplicationContext - Root WebApplicationContext: initialization completed in 903 ms
2023-02-12 18:18:18.022 [main] INFO  com.zaxxer.hikari.HikariDataSource - HikariPool-1 - Starting...
2023-02-12 18:18:18.239 [main] INFO  com.zaxxer.hikari.HikariDataSource - HikariPool-1 - Start completed.
2023-02-12 18:18:18.517 [main] INFO  s.d.s.w.PropertySourcedRequestMappingHandlerMapping - Mapped URL path [/v2/api-docs] onto method [springfox.documentation.swagger2.web.Swagger2Controller#getDocumentation(String, HttpServletRequest)]
2023-02-12 18:18:18.861 [main] INFO  org.apache.coyote.http11.Http11NioProtocol - Starting ProtocolHandler ["http-nio-8001"]
2023-02-12 18:18:18.871 [main] INFO  o.s.boot.web.embedded.tomcat.TomcatWebServer - Tomcat started on port(s): 8001 (http) with context path ''
2023-02-12 18:18:18.872 [main] INFO  s.d.s.web.plugins.DocumentationPluginsBootstrapper - Context refreshed
2023-02-12 18:18:18.880 [main] INFO  s.d.s.web.plugins.DocumentationPluginsBootstrapper - Found 1 custom documentation plugin(s)
2023-02-12 18:18:18.895 [main] INFO  s.d.spring.web.scanners.ApiListingReferenceScanner - Scanning for api listing references
2023-02-12 18:18:18.994 [main] INFO  com.doux.edu.EduApplication - Started EduApplication in 2.377 seconds (JVM running for 2.762)
2023-02-12 18:18:23.044 [http-nio-8001-exec-1] INFO  o.a.c.core.ContainerBase.[Tomcat].[localhost].[/] - Initializing Spring DispatcherServlet 'dispatcherServlet'
2023-02-12 18:18:23.044 [http-nio-8001-exec-1] INFO  org.springframework.web.servlet.DispatcherServlet - Initializing Servlet 'dispatcherServlet'
2023-02-12 18:18:23.045 [http-nio-8001-exec-1] INFO  org.springframework.web.servlet.DispatcherServlet - Completed initialization in 1 ms
2023-02-12 18:21:03.598 [SpringApplicationShutdownHook] INFO  com.zaxxer.hikari.HikariDataSource - HikariPool-1 - Shutdown initiated...
2023-02-12 18:21:03.601 [SpringApplicationShutdownHook] INFO  com.zaxxer.hikari.HikariDataSource - HikariPool-1 - Shutdown completed.
2023-02-12 18:22:27.893 [main] INFO  com.doux.edu.EduApplication - Starting EduApplication using Java 1.8.0_341 on DESKTOP-6IDRN1B with PID 7692 (D:\javalearn\frame learn\guli_online\service\service_edu\target\classes started by tt in D:\javalearn\frame learn\guli_online)
2023-02-12 18:22:27.895 [main] INFO  com.doux.edu.EduApplication - The following profiles are active: dev
2023-02-12 18:22:28.364 [main] INFO  o.s.d.r.config.RepositoryConfigurationDelegate - Multiple Spring Data modules found, entering strict repository configuration mode!
2023-02-12 18:22:28.366 [main] INFO  o.s.d.r.config.RepositoryConfigurationDelegate - Bootstrapping Spring Data Redis repositories in DEFAULT mode.
2023-02-12 18:22:28.379 [main] INFO  o.s.d.r.config.RepositoryConfigurationDelegate - Finished Spring Data repository scanning in 5 ms. Found 0 Redis repository interfaces.
2023-02-12 18:22:28.655 [main] INFO  o.s.boot.web.embedded.tomcat.TomcatWebServer - Tomcat initialized with port(s): 8001 (http)
2023-02-12 18:22:28.660 [main] INFO  org.apache.coyote.http11.Http11NioProtocol - Initializing ProtocolHandler ["http-nio-8001"]
2023-02-12 18:22:28.661 [main] INFO  org.apache.catalina.core.StandardService - Starting service [Tomcat]
2023-02-12 18:22:28.661 [main] INFO  org.apache.catalina.core.StandardEngine - Starting Servlet engine: [Apache Tomcat/9.0.54]
2023-02-12 18:22:28.711 [main] INFO  o.a.c.core.ContainerBase.[Tomcat].[localhost].[/] - Initializing Spring embedded WebApplicationContext
2023-02-12 18:22:28.711 [main] INFO  o.s.b.w.s.c.ServletWebServerApplicationContext - Root WebApplicationContext: initialization completed in 792 ms
2023-02-12 18:22:28.810 [main] INFO  com.zaxxer.hikari.HikariDataSource - HikariPool-1 - Starting...
2023-02-12 18:22:29.205 [main] INFO  com.zaxxer.hikari.HikariDataSource - HikariPool-1 - Start completed.
2023-02-12 18:22:29.440 [main] INFO  s.d.s.w.PropertySourcedRequestMappingHandlerMapping - Mapped URL path [/v2/api-docs] onto method [springfox.documentation.swagger2.web.Swagger2Controller#getDocumentation(String, HttpServletRequest)]
2023-02-12 18:22:29.821 [main] INFO  org.apache.coyote.http11.Http11NioProtocol - Starting ProtocolHandler ["http-nio-8001"]
2023-02-12 18:22:29.831 [main] INFO  o.s.boot.web.embedded.tomcat.TomcatWebServer - Tomcat started on port(s): 8001 (http) with context path ''
2023-02-12 18:22:29.832 [main] INFO  s.d.s.web.plugins.DocumentationPluginsBootstrapper - Context refreshed
2023-02-12 18:22:29.840 [main] INFO  s.d.s.web.plugins.DocumentationPluginsBootstrapper - Found 1 custom documentation plugin(s)
2023-02-12 18:22:29.859 [main] INFO  s.d.spring.web.scanners.ApiListingReferenceScanner - Scanning for api listing references
2023-02-12 18:22:29.946 [main] INFO  com.doux.edu.EduApplication - Started EduApplication in 2.408 seconds (JVM running for 2.848)
2023-02-12 18:23:30.306 [http-nio-8001-exec-1] INFO  o.a.c.core.ContainerBase.[Tomcat].[localhost].[/] - Initializing Spring DispatcherServlet 'dispatcherServlet'
2023-02-12 18:23:30.306 [http-nio-8001-exec-1] INFO  org.springframework.web.servlet.DispatcherServlet - Initializing Servlet 'dispatcherServlet'
2023-02-12 18:23:30.307 [http-nio-8001-exec-1] INFO  org.springframework.web.servlet.DispatcherServlet - Completed initialization in 1 ms
2023-02-12 18:25:44.587 [SpringApplicationShutdownHook] INFO  com.zaxxer.hikari.HikariDataSource - HikariPool-1 - Shutdown initiated...
2023-02-12 18:25:44.590 [SpringApplicationShutdownHook] INFO  com.zaxxer.hikari.HikariDataSource - HikariPool-1 - Shutdown completed.
